Arguments: 
  /data/data/com.termux/files/usr/bin/node /data/data/com.termux/files/usr/share/yarn/bin/yarn.js add Tronweb

PATH: 
  /data/data/com.termux/files/usr/bin:/data/data/com.termux/files/usr/bin/applets

Yarn version: 
  1.22.10

Node version: 
  14.15.4

Platform: 
  android arm

Trace: 
  Error: https://registry.yarnpkg.com/Tronweb: Not found
      at Request.params.callback [as _callback] (/data/data/com.termux/files/usr/share/yarn/lib/cli.js:66988:18)
      at Request.self.callback (/data/data/com.termux/files/usr/share/yarn/lib/cli.js:140749:22)
      at Request.emit (events.js:315:20)
      at Request.<anonymous> (/data/data/com.termux/files/usr/share/yarn/lib/cli.js:141721:10)
      at Request.emit (events.js:315:20)
      at IncomingMessage.<anonymous> (/data/data/com.termux/files/usr/share/yarn/lib/cli.js:141643:12)
      at Object.onceWrapper (events.js:421:28)
      at IncomingMessage.emit (events.js:327:22)
      at endReadableNT (internal/streams/readable.js:1327:12)
      at processTicksAndRejections (internal/process/task_queues.js:80:21)

npm manifest: 
  {
    "name": "coinbasebot",
    "version": "1.0.0",
    "description": "coinbasebot",
    "main": "index.js",
    "scripts": {
      "start": "node index.js"
    },
    "repository": {
      "type": "git",
      "url": "git+https://github.com/Khuzha/chatAdmin.git"
    },
    "keywords": [],
    "author": "",
    "license": "ISC",
    "bugs": {
      "url": "https://github.com/Khuzha/chatAdmin/issues"
    },
    "homepage": "https://github.com/Khuzha/chatAdmin#readme",
    "dependencies": {
      "axios": "^0.21.1",
      "body": "^5.1.0",
      "body-parser": "^1.19.0",
      "child_process": "^1.0.2",
      "coinbase": "^2.0.8",
      "coinpayments": "^2.1.3",
      "express": "4.17.1",
      "expresss": "0.0.0",
      "heroku": "^7.56.1",
      "http": "0.0.1-security",
      "interface": "^1.2.1",
      "mongodb": "^3.6.11",
      "pm2": "^5.1.0",
      "telegraf": "^4.4.1",
      "tsc": "^2.0.3",
      "typescript": "^4.3.5"
    },
    "devDependencies": {}
  }

yarn manifest: 
  No manifest

Lockfile: 
  No lockfile
